2025-08-27 16:37:09,471 INFO uqbar_job: Clicking Visão Geral tab...
2025-08-27 16:37:11,276 INFO uqbar_job: Clicking Personalizar button...
2025-08-27 16:37:11,705 INFO uqbar_job: Clicking Mostrar Tudo button...
2025-08-27 16:37:18,534 INFO uqbar_job: Pressing ESC to close Personalizar menu...
2025-08-27 16:37:18,816 INFO uqbar_job: Clicking Export button to open options...
2025-08-27 16:37:18,935 INFO uqbar_job: Selecting CSV option...
2025-08-27 16:37:19,583 INFO uqbar_job: Downloaded to: C:\Users\TomasVermehrenMiragl/Downloads\operations_cri-emissoes_advanced.csv
2025-08-27 16:37:19,595 INFO uqbar_job: [DEBUG] Detected delimiter: ';'
2025-08-27 16:37:19,596 INFO uqbar_job: [DEBUG] CSV headers (first 5): ['Securitizadora', 'Operação', 'Classe do Título', 'Emissão', 'Série']
2025-08-27 16:37:19,615 INFO uqbar_job: [DEBUG] Parsed rows: 494 | Dropped (missing codigo_if): 6
2025-08-27 16:37:20,661 INFO uqbar_job: [DEBUG] Upsert 0-494: {'created': 0, 'updated': 494}
2025-08-27 16:37:20,661 INFO uqbar_job: Done! created=0, updated=494
2025-08-27 16:39:57,501 ERROR asyncio: Future exception was never retrieved
future: <Future finished exception=TargetClosedError('Target page, context or browser has been closed')>
playwright._impl._errors.TargetClosedError: Target page, context or browser has been closed
2025-08-27 17:39:47,195 INFO root: Clicking Visão Geral tab...
2025-08-27 17:39:49,421 INFO root: Clicking Personalizar button...
2025-08-27 17:39:49,679 INFO root: Clicking Mostrar Tudo button...
2025-08-27 17:39:58,634 INFO root: Trying to set rows-per-page...
2025-08-27 17:39:58,745 INFO root: [ROWS] Could not set rows-per-page (control not found).
2025-08-27 17:39:58,746 INFO root: Trying to click any 'show more/next' repeatedly...
2025-08-27 17:39:58,873 INFO root: [ROWS] 'Show more/next' clicks: 0
2025-08-27 17:39:58,874 INFO root: Slower jump-scroll to bottom until stable (tuned) ...
2025-08-27 17:39:58,881 INFO root: [SCROLL] Using container: .MuiTableContainer-root.css-qal6c7
2025-08-27 17:40:32,336 INFO root: [SCROLL] iter=10 rows≈26 h=185095 y=166007 bottom=False
2025-08-27 17:41:03,943 INFO root: [SCROLL] iter=20 rows≈19 h=237601 y=237013 bottom=True
2025-08-27 17:41:19,311 INFO root: [SCROLL] Stable bottom after 25 passes. Final rows≈19
2025-08-27 17:41:20,524 INFO root: Clicking Export button to open options...
2025-08-27 17:41:20,600 INFO root: Selecting CSV option...
2025-08-27 17:41:22,046 INFO root: Downloaded to: C:\Users\TomasVermehrenMiragl/Downloads\operations_cri-emissoes_advanced.csv
2025-08-27 17:41:22,090 INFO root: [DEBUG] Detected delimiter: ';'
2025-08-27 17:41:22,096 INFO root: [DEBUG] CSV headers (first 5): ['Securitizadora', 'Operação', 'Classe do Título', 'Emissão', 'Série']
2025-08-27 17:41:22,574 INFO root: [DEBUG] Parsed rows: 6342 | Dropped (missing codigo_if): 77
2025-08-27 17:41:25,187 INFO root: [DEBUG] Upsert 0-1000: {'created': 0, 'updated': 1000}
2025-08-27 17:41:27,403 INFO root: [DEBUG] Upsert 1000-2000: {'created': 0, 'updated': 1000}
2025-08-27 17:41:29,630 INFO root: [DEBUG] Upsert 2000-3000: {'created': 0, 'updated': 1000}
2025-08-27 17:41:32,134 INFO root: [DEBUG] Upsert 3000-4000: {'created': 0, 'updated': 1000}
2025-08-27 17:41:34,557 INFO root: [DEBUG] Upsert 4000-5000: {'created': 0, 'updated': 1000}
2025-08-27 17:41:36,830 INFO root: [DEBUG] Upsert 5000-6000: {'created': 0, 'updated': 1000}
2025-08-27 17:41:38,128 INFO root: [DEBUG] Upsert 6000-6342: {'created': 0, 'updated': 342}
2025-08-27 17:41:38,129 INFO root: Done! created=0, updated=6342
2025-08-27 17:51:55,118 INFO root: Clicking Visão Geral tab...
2025-08-27 17:51:57,579 INFO root: Clicking Personalizar button...
2025-08-27 17:51:58,430 INFO root: Clicking Mostrar Tudo button...
2025-08-27 17:52:07,633 INFO root: Trying to set rows-per-page...
2025-08-27 17:52:07,891 INFO root: [ROWS] Could not set rows-per-page (control not found).
2025-08-27 17:52:07,891 INFO root: Trying to click any 'show more/next' repeatedly...
2025-08-27 17:52:08,179 INFO root: [ROWS] 'Show more/next' clicks: 0
2025-08-27 17:52:08,180 INFO root: Slower jump-scroll to bottom until stable (tuned) ...
2025-08-27 17:52:08,190 INFO root: [SCROLL] Using container: .MuiTableContainer-root.css-qal6c7
2025-08-27 17:52:40,713 INFO root: [SCROLL] iter=10 rows≈26 h=185096 y=166007 bottom=False
2025-08-27 17:53:12,120 INFO root: [SCROLL] iter=20 rows≈19 h=237601 y=237013 bottom=True
2025-08-27 17:53:27,486 INFO root: [SCROLL] Stable bottom after 25 passes. Final rows≈19
2025-08-27 17:53:28,699 INFO root: Clicking Export button to open options...
2025-08-27 17:53:28,781 INFO root: Selecting CSV option...
2025-08-27 17:53:30,130 INFO root: Downloaded to: C:\Users\TomasVermehrenMiragl/Downloads\operations_cri-emissoes_advanced.csv
2025-08-27 17:53:30,161 INFO root: [DEBUG] Detected delimiter: ';'
2025-08-27 17:53:30,166 INFO root: [DEBUG] CSV headers (first 5): ['Securitizadora', 'Operação', 'Classe do Título', 'Emissão', 'Série']
2025-08-27 17:53:30,460 INFO root: [DEBUG] Parsed rows: 6342 | Dropped (missing codigo_if): 77
2025-08-27 17:53:32,434 INFO root: [DEBUG] Upsert 0-1000: {'created': 0, 'updated': 1000}
2025-08-27 17:53:34,141 INFO root: [DEBUG] Upsert 1000-2000: {'created': 0, 'updated': 1000}
2025-08-27 17:53:35,670 INFO root: [DEBUG] Upsert 2000-3000: {'created': 0, 'updated': 1000}
2025-08-27 17:53:37,435 INFO root: [DEBUG] Upsert 3000-4000: {'created': 0, 'updated': 1000}
2025-08-27 17:53:39,347 INFO root: [DEBUG] Upsert 4000-5000: {'created': 0, 'updated': 1000}
2025-08-27 17:53:41,029 INFO root: [DEBUG] Upsert 5000-6000: {'created': 0, 'updated': 1000}
2025-08-27 17:53:42,010 INFO root: [DEBUG] Upsert 6000-6342: {'created': 0, 'updated': 342}
2025-08-27 17:53:42,011 INFO root: Done! created=0, updated=6342
2025-08-29 07:54:36,750 INFO root: Clicking Visão Geral tab...
2025-08-29 07:54:38,642 INFO root: Clicking Personalizar button...
2025-08-29 07:54:38,804 INFO root: Clicking Mostrar Tudo button...
2025-08-29 07:54:48,064 INFO root: Trying to set rows-per-page...
2025-08-29 07:54:48,242 INFO root: [ROWS] Could not set rows-per-page (control not found).
2025-08-29 07:54:48,242 INFO root: Trying to click any 'show more/next' repeatedly...
2025-08-29 07:54:48,420 INFO root: [ROWS] 'Show more/next' clicks: 0
2025-08-29 07:54:48,421 INFO root: Slower jump-scroll to bottom until stable (tuned) ...
2025-08-29 07:54:48,428 INFO root: [SCROLL] Using container: .MuiTableContainer-root.css-qal6c7
2025-08-29 07:55:25,007 INFO root: [SCROLL] iter=10 rows≈26 h=185002 y=165914.40625 bottom=False
2025-08-29 07:56:00,051 INFO root: [SCROLL] iter=20 rows≈19 h=237808 y=237218.40625 bottom=True
2025-08-29 07:56:21,734 INFO root: [SCROLL] Stable bottom after 26 passes. Final rows≈19
2025-08-29 07:56:22,946 INFO root: Clicking Export button to open options...
2025-08-29 07:56:23,092 INFO root: Selecting CSV option...
2025-08-29 07:56:25,019 INFO root: Downloaded to: C:\Users\TomasVermehrenMiragl/Downloads\operations_cri-emissoes_advanced.csv
2025-08-29 07:56:25,072 INFO root: [DEBUG] Detected delimiter: ';'
2025-08-29 07:56:25,077 INFO root: [DEBUG] CSV headers (first 5): ['Securitizadora', 'Operação', 'Classe do Título', 'Emissão', 'Série']
2025-08-29 07:56:25,448 INFO root: [DEBUG] Parsed rows: 6351 | Dropped (missing codigo_if): 77
2025-08-31 09:58:39,715 INFO root: Clicking Visão Geral tab...
2025-09-01 03:13:50,190 INFO root: Clicking Visão Geral tab...
2025-09-01 03:13:52,067 INFO root: Clicking Personalizar button...
2025-09-01 03:13:52,441 INFO root: Clicking Mostrar Tudo button...
2025-09-01 09:19:54,157 INFO root: Trying to set rows-per-page...
2025-09-01 09:19:54,316 INFO root: [ROWS] Could not set rows-per-page (control not found).
2025-09-01 09:19:54,316 INFO root: Trying to click any 'show more/next' repeatedly...
2025-09-01 09:19:54,455 INFO root: [ROWS] 'Show more/next' clicks: 0
2025-09-01 09:19:54,455 INFO root: Slower jump-scroll to bottom until stable (tuned) ...
2025-09-01 09:19:54,489 INFO root: [SCROLL] Using container: .MuiTableContainer-root.css-qal6c7
2025-09-01 09:20:25,807 INFO root: [SCROLL] iter=10 rows≈26 h=203494 y=184406.40625 bottom=False
2025-09-01 09:20:56,518 INFO root: [SCROLL] iter=20 rows≈19 h=237809 y=237220 bottom=True
2025-09-01 09:21:11,753 INFO root: [SCROLL] Stable bottom after 25 passes. Final rows≈19
2025-09-01 09:21:12,967 INFO root: Clicking Export button to open options...
2025-09-01 09:21:13,162 INFO root: Selecting CSV option...
2025-09-01 09:21:15,445 INFO root: Downloaded to: C:\Users\TomasVermehrenMiragl/Downloads\operations_cri-emissoes_advanced.csv
2025-09-01 09:21:15,505 INFO root: [DEBUG] Detected delimiter: ';'
2025-09-01 09:21:15,511 INFO root: [DEBUG] CSV headers (first 5): ['Securitizadora', 'Operação', 'Classe do Título', 'Emissão', 'Série']
2025-09-01 09:21:15,941 INFO root: [DEBUG] Parsed rows: 6351 | Dropped (missing codigo_if): 77
2025-09-03 09:46:50,916 INFO root: Clicking Visão Geral tab...
2025-09-03 09:46:53,362 INFO root: Clicking Personalizar button...
2025-09-03 09:46:53,836 INFO root: Clicking Mostrar Tudo button...
2025-09-03 09:47:03,159 INFO root: Trying to set rows-per-page...
2025-09-03 09:47:03,361 INFO root: [ROWS] Could not set rows-per-page (control not found).
2025-09-03 09:47:03,362 INFO root: Trying to click any 'show more/next' repeatedly...
2025-09-03 09:47:03,544 INFO root: [ROWS] 'Show more/next' clicks: 0
2025-09-03 09:47:03,544 INFO root: Slower jump-scroll to bottom until stable (tuned) ...
2025-09-03 09:47:03,553 INFO root: [SCROLL] Using container: .MuiTableContainer-root.css-qal6c7
2025-09-03 09:47:38,486 INFO root: [SCROLL] iter=10 rows≈26 h=184940 y=165853.328125 bottom=False
2025-09-03 09:48:11,852 INFO root: [SCROLL] iter=20 rows≈19 h=237731 y=237142 bottom=True
2025-09-03 09:48:27,119 INFO root: [SCROLL] Stable bottom after 25 passes. Final rows≈19
2025-09-03 09:48:28,335 INFO root: Clicking Export button to open options...
2025-09-03 09:48:28,443 INFO root: Selecting CSV option...
2025-09-03 09:48:30,116 INFO root: Downloaded to: C:\Users\TomasVermehrenMiragl/Downloads\operations_cri-emissoes_advanced.csv
2025-09-03 09:48:30,162 INFO root: [DEBUG] Detected delimiter: ';'
2025-09-03 09:48:30,166 INFO root: [DEBUG] CSV headers (first 5): ['Securitizadora', 'Operação', 'Classe do Título', 'Emissão', 'Série']
2025-09-03 09:48:30,668 INFO root: [DEBUG] Parsed rows: 6351 | Dropped (missing codigo_if): 77
2025-09-04 22:00:24,950 INFO root: Clicking Visão Geral tab...
2025-09-04 22:00:27,394 INFO root: Clicking Personalizar button...
2025-09-04 22:00:27,730 INFO root: Clicking Mostrar Tudo button...
2025-09-04 22:00:36,870 INFO root: Trying to set rows-per-page...
2025-09-04 22:00:37,060 INFO root: [ROWS] Could not set rows-per-page (control not found).
2025-09-04 22:00:37,060 INFO root: Trying to click any 'show more/next' repeatedly...
2025-09-04 22:00:37,262 INFO root: [ROWS] 'Show more/next' clicks: 0
2025-09-04 22:00:37,263 INFO root: Slower jump-scroll to bottom until stable (tuned) ...
2025-09-04 22:00:37,271 INFO root: [SCROLL] Using container: .MuiTableContainer-root.css-qal6c7
2025-09-04 22:01:11,418 INFO root: [SCROLL] iter=10 rows≈26 h=184946 y=165860 bottom=False
2025-09-04 22:01:46,424 INFO root: [SCROLL] iter=20 rows≈19 h=237735 y=237146 bottom=True
2025-09-04 22:02:01,718 INFO root: [SCROLL] Stable bottom after 25 passes. Final rows≈19
2025-09-04 22:02:02,926 INFO root: Clicking Export button to open options...
2025-09-04 22:02:03,047 INFO root: Selecting CSV option...
2025-09-04 22:02:05,278 INFO root: Downloaded to: C:\Users\TomasVermehrenMiragl/Downloads\operations_cri-emissoes_advanced.csv
2025-09-04 22:02:05,360 INFO root: [DEBUG] Detected delimiter: ';'
2025-09-04 22:02:05,365 INFO root: [DEBUG] CSV headers (first 5): ['Securitizadora', 'Operação', 'Classe do Título', 'Emissão', 'Série']
2025-09-04 22:02:05,857 INFO root: [DEBUG] Parsed rows: 6351 | Dropped (missing codigo_if): 77
